[OCFS2] Настройка кластера OCFS2: ocfs2cluster (режим: bootstrap)
[OCFS2] Создание конфигурации кластера (только узлы, heartbeat добавим через o2cb)...
[OCFS2] Конфигурация кластера создана: /etc/ocfs2/cluster.conf
[OCFS2] Загрузка модулей OCFS2...
[OCFS2] Монтирование configfs...
[OCFS2] Запуск o2cb...
[OCFS2] Очистка старых heartbeat регионов и процессов...
/setup_ocfs2_cluster.sh: line 107:    32 Segmentation fault      (core dumped) o2cb stop-heartbeat "$CLUSTER_NAME" > /dev/null 2>&1
[OCFS2] Регистрация кластера...
[OCFS2] Стирание подписей ФС на /dev/drbd0 (wipefs)...
[OCFS2] Очистка начала /dev/drbd0 (512 MiB)...
[OCFS2] Создание heartbeat-региона на /dev/drbd0 (o2cb: /usr/sbin/o2cb)...
o2cb: Unknown code ocfs 8 while reading region on device '/dev/drbd0'
[OCFS2] WARN: add-heartbeat на /dev/drbd0 попытка 1/3 не удалась, повтор через 3s...
o2cb: Unknown code ocfs 8 while reading region on device '/dev/drbd0'
[OCFS2] WARN: add-heartbeat на /dev/drbd0 попытка 2/3 не удалась, повтор через 3s...
o2cb: Unknown code ocfs 8 while reading region on device '/dev/drbd0'
[OCFS2] WARN: add-heartbeat на /dev/drbd0 попытка 3/3 не удалась, повтор через 3s...
[OCFS2] WARN: add-heartbeat на /dev/drbd0 не удался (Unknown code ocfs 8). Используем путь к файлу как heartbeat-регион (global mode)...
[OCFS2] Создание файла для heartbeat-региона: /tmp/o2hb_region.img (256 MiB)...
[OCFS2] Добавление heartbeat-региона по пути (не блочное устройство — o2cb не открывает через ocfs2_open): /tmp/o2hb_region.img
[OCFS2] Heartbeat-регион добавлен, секция heartbeat есть в /etc/ocfs2/cluster.conf
[OCFS2] Запуск heartbeat...
[OCFS2] ✓ Heartbeat запущен (попытка 1)
[OCFS2] Проверка статуса кластера...
[OCFS2] ✓ Кластер онлайн
[OCFS2] Проверка сетевой связности...
[OCFS2] ✓ Связь с 172.20.0.12 установлена
[OCFS2] ✓ Связь с 172.20.0.13 установлена
[OCFS2] ✓ Связь с 172.20.0.14 установлена
[OCFS2] Кластер OCFS2 настроен
